Сборка начата 22.12.2023 4:29:06.
Уровень детализации журнала: Normal.     1>Проект "D:\курсач_3_сем\BVA-2023\BVA-2023\BVA-2023.vcxproj" в узле 2 (целевые объекты Build).
     1>InitializeBuildStatus:
         Создание "Debug\BVA-2023.tlog\unsuccessfulbuild", так как было задано "AlwaysCreate".
       ClCompile:
         C:\Program Files (x86)\Microsoft Visual Studio\2019\Community\VC\Tools\MSVC\14.29.30133\bin\HostX86\x86\CL.exe /c /ZI /JMC /nologo /W3 /WX- /diagnostics:column /sdl /Od /Oy- /D WIN32 /D _DEBUG /D _CONSOLE /D _UNICODE /D UNICODE /Gm- /EHsc /RTC1 /MDd /GS /fp:precise /permissive- /Zc:wchar_t /Zc:forScope /Zc:inline /Fo"Debug\\" /Fd"Debug\vc142.pdb" /external:W3 /Gd /TP /analyze- /FC /errorReport:prompt CG.cpp FST.cpp IT.cpp Main.cpp PN.cpp SemAn.cpp
         CG.cpp
         FST.cpp
         IT.cpp
         Main.cpp
         PN.cpp
         SemAn.cpp
     1>D:\курсач_3_сем\BVA-2023\BVA-2023\SemAn.cpp(153,32): warning C4018: <=: несоответствие типов со знаком и без знака
     1>D:\курсач_3_сем\BVA-2023\BVA-2023\SemAn.cpp(265,27): warning C4018: <=: несоответствие типов со знаком и без знака
         Создание кода...
       Link:
         C:\Program Files (x86)\Microsoft Visual Studio\2019\Community\VC\Tools\MSVC\14.29.30133\bin\HostX86\x86\link.exe /ERRORREPORT:PROMPT /OUT:"D:\курсач_3_сем\BVA-2023\Debug\BVA-2023.exe" /INCREMENTAL /ILK:"Debug\BVA-2023.ilk" /NOLOGO kernel32.lib user32.lib gdi32.lib winspool.lib comdlg32.lib advapi32.lib shell32.lib ole32.lib oleaut32.lib uuid.lib odbc32.lib odbccp32.lib /MANIFEST /MANIFESTUAC:"level='asInvoker' uiAccess='false'" /manifest:embed /DEBUG /PDB:"D:\курсач_3_сем\BVA-2023\Debug\BVA-2023.pdb" /SUBSYSTEM:CONSOLE /TLBID:1 /DYNAMICBASE /NXCOMPAT /IMPLIB:"D:\курсач_3_сем\BVA-2023\Debug\BVA-2023.lib" /MACHINE:X86 Debug\CG.obj
         Debug\Error.obj
         Debug\FST.obj
         Debug\GRB.obj
         Debug\In.obj
         Debug\IT.obj
         Debug\Log.obj
         Debug\LT.obj
         Debug\Main.obj
         Debug\MFST.obj
         Debug\Parm.obj
         Debug\PN.obj
         Debug\SemAn.obj
         BVA-2023.vcxproj -> D:\курсач_3_сем\BVA-2023\Debug\BVA-2023.exe
       FinalizeBuildStatus:
         Файл "Debug\BVA-2023.tlog\unsuccessfulbuild" удаляется.
         Обращение к "Debug\BVA-2023.tlog\BVA-2023.lastbuildstate".
     1>Сборка проекта "D:\курсач_3_сем\BVA-2023\BVA-2023\BVA-2023.vcxproj" завершена (целевые объекты Build).

Сборка успешно завершена.

       "D:\курсач_3_сем\BVA-2023\BVA-2023\BVA-2023.vcxproj" (целевой объект Build ) (1) ->
       (Целевой объект ClCompile) -> 
         D:\курсач_3_сем\BVA-2023\BVA-2023\SemAn.cpp(153,32): warning C4018: <=: несоответствие типов со знаком и без знака
         D:\курсач_3_сем\BVA-2023\BVA-2023\SemAn.cpp(265,27): warning C4018: <=: несоответствие типов со знаком и без знака

    Предупреждений: 2
    Ошибок: 0

Прошло времени 00:00:03.25
