d:\курсач_3_сем\bva-2023\bva-2023\debug\vc142.pdb
d:\курсач_3_сем\bva-2023\bva-2023\debug\vc142.idb
d:\курсач_3_сем\bva-2023\bva-2023\debug\seman.obj
d:\курсач_3_сем\bva-2023\bva-2023\debug\pn.obj
d:\курсач_3_сем\bva-2023\bva-2023\debug\parm.obj
d:\курсач_3_сем\bva-2023\bva-2023\debug\mfst.obj
d:\курсач_3_сем\bva-2023\bva-2023\debug\main.obj
d:\курсач_3_сем\bva-2023\bva-2023\debug\lt.obj
d:\курсач_3_сем\bva-2023\bva-2023\debug\log.obj
d:\курсач_3_сем\bva-2023\bva-2023\debug\it.obj
d:\курсач_3_сем\bva-2023\bva-2023\debug\in.obj
d:\курсач_3_сем\bva-2023\bva-2023\debug\grb.obj
d:\курсач_3_сем\bva-2023\bva-2023\debug\fst.obj
d:\курсач_3_сем\bva-2023\bva-2023\debug\error.obj
d:\курсач_3_сем\bva-2023\bva-2023\debug\cg.obj
d:\курсач_3_сем\bva-2023\bva-2023\debug\bva-2023.ilk
d:\курсач_3_сем\bva-2023\debug\bva-2023.exe
d:\курсач_3_сем\bva-2023\debug\bva-2023.pdb
d:\курсач_3_сем\bva-2023\bva-2023\debug\bva-2023.tlog\cl.command.1.tlog
d:\курсач_3_сем\bva-2023\bva-2023\debug\bva-2023.tlog\cl.read.1.tlog
d:\курсач_3_сем\bva-2023\bva-2023\debug\bva-2023.tlog\cl.write.1.tlog
d:\курсач_3_сем\bva-2023\bva-2023\debug\bva-2023.tlog\link.command.1.tlog
d:\курсач_3_сем\bva-2023\bva-2023\debug\bva-2023.tlog\link.read.1.tlog
d:\курсач_3_сем\bva-2023\bva-2023\debug\bva-2023.tlog\link.write.1.tlog
