Сборка начата 22.12.2023 3:48:41.
Уровень детализации журнала: Normal.     1>Проект "D:\курсач_3_сем\BVA-2023\BVA_ASM\BVA_ASM.vcxproj" в узле 2 (целевые объекты Build).
     1>InitializeBuildStatus:
         Создание "Debug\BVA_ASM.tlog\unsuccessfulbuild", так как было задано "AlwaysCreate".
       _MASM:
         Assembling ..\BVA-2023\in.txt.asm...
         cmd.exe /C "C:\Users\user\AppData\Local\Temp\tmpcbf16948e37b4005a3e018cedd1552cb.cmd"
         ml.exe /c /nologo /Zi /Fo"Debug\in.txt.obj" /W3 /errorReport:prompt  /Ta"..\BVA-2023\in.txt.asm"
       Link:
         C:\Program Files (x86)\Microsoft Visual Studio\2019\Community\VC\Tools\MSVC\14.29.30133\bin\HostX86\x86\link.exe /ERRORREPORT:PROMPT /OUT:"D:\курсач_3_сем\BVA-2023\Debug\BVA_ASM.exe" /INCREMENTAL /ILK:"Debug\BVA_ASM.ilk" /NOLOGO kernel32.lib user32.lib gdi32.lib winspool.lib comdlg32.lib advapi32.lib shell32.lib ole32.lib oleaut32.lib uuid.lib odbc32.lib odbccp32.lib /MANIFEST /MANIFESTUAC:"level='asInvoker' uiAccess='false'" /manifest:embed /DEBUG /PDB:"D:\курсач_3_сем\BVA-2023\Debug\BVA_ASM.pdb" /SUBSYSTEM:CONSOLE /TLBID:1 /DYNAMICBASE /NXCOMPAT /IMPLIB:"D:\курсач_3_сем\BVA-2023\Debug\BVA_ASM.lib" /MACHINE:X86 "D:\курсач_3_сем\BVA-2023\Debug\BVA_Lib.lib"
         Debug\in.txt.obj
         BVA_ASM.vcxproj -> D:\курсач_3_сем\BVA-2023\Debug\BVA_ASM.exe
       FinalizeBuildStatus:
         Файл "Debug\BVA_ASM.tlog\unsuccessfulbuild" удаляется.
         Обращение к "Debug\BVA_ASM.tlog\BVA_ASM.lastbuildstate".
     1>Сборка проекта "D:\курсач_3_сем\BVA-2023\BVA_ASM\BVA_ASM.vcxproj" завершена (целевые объекты Build).

Сборка успешно завершена.
    Предупреждений: 0
    Ошибок: 0

Прошло времени 00:00:00.40
